INFO: [SIM 2] *************** CSIM start ***************
INFO: [SIM 4] CSIM will launch GCC as the compiler.
   Compiling ../../../testbench.cpp in debug mode
   Generating csim.exe
Y: 17, X: 0
Y: 17 

Y: 18, X: 0
Y: 18, X: 1
Y: 18, X: 2
Y: 18 

Y: 18, X: 0
Y: 18, X: 1
Y: 18, X: 2
Y: 18, X: 3
Y: 17, X: 0
Y: 17, X: 1
Y: 17, X: 2
Y: 17, X: 3
Y: 17 

Y: 18, X: 0
Y: 18, X: 1
Y: 18, X: 2
Y: 18, X: 3
Y: 17, X: 0
Y: 17, X: 1
Y: 17, X: 2
Y: 17, X: 3
Y: 16, X: 0
Y: 16, X: 1
Y: 16 

|                  |
|                  |
|                  |
|                  |
|                  |
|                  |
|                  |
|                  |
|                  |
|                  |
|                  |
|                  |
|                  |
|                  |
|                  |
|                  |
|       1  1       |
| 1  1  1  1  1  1 |
| 1     1  1  1    |
| 1  1  1  1       |
INFO: [SIM 1] CSim done with 0 errors.
INFO: [SIM 3] *************** CSIM finish ***************
